2026-07-08 00:17:40,476 INFO talento_tech - Iniciando test de login valido (Desde la API ReqRes)...
2026-07-08 00:17:40,476 INFO talento_tech - Enviando email y contraseńa con POST...
2026-07-08 00:17:41,841 INFO talento_tech - Logueo exitoso
2026-07-08 00:17:41,847 INFO talento_tech - Iniciando test de login no valido (sin contraseńa)[Desde la API ReqRes]...
2026-07-08 00:17:41,848 INFO talento_tech - Enviando solo el email con POST
2026-07-08 00:17:42,787 INFO talento_tech - Test de login no valido finalizado con exito
2026-07-08 00:17:42,794 INFO talento_tech - Iniciando test para crear un usuario (Desde la API ReqRes)
2026-07-08 00:17:42,796 INFO talento_tech - Verificando que el email y la contraseńa tengan el formato correcto...
2026-07-08 00:17:42,797 INFO talento_tech - Email y contraseńa verificados correctamente
2026-07-08 00:17:42,797 INFO talento_tech - Enviando los datos del usuario requeridos
2026-07-08 00:17:43,845 INFO talento_tech - Datos recibidos correctamente
2026-07-08 00:17:43,845 INFO talento_tech - Validando que los datos coincidan
2026-07-08 00:17:43,845 INFO talento_tech - Tiempo de respuesta: menos de 2 segundos
2026-07-08 00:17:43,851 INFO talento_tech - Iniciando test para borrar un usuario (Desde la API ReqRes)
2026-07-08 00:17:43,851 INFO talento_tech - Enviando DELETE para el usuario con id=2
2026-07-08 00:17:44,643 INFO talento_tech - Usuario borrado con exito
2026-07-08 00:17:44,649 INFO talento_tech - Iniciando test para obtener datos de un usuario (Desde la API ReqRes)
2026-07-08 00:17:44,649 INFO talento_tech - Enviando GET para consultar el usuario con id=2
2026-07-08 00:17:45,726 INFO talento_tech - Usuario encontrado con exito
2026-07-08 00:17:51,646 INFO talento_tech - Iniciando test de carrito...
2026-07-08 00:17:51,647 INFO talento_tech - Leyendo los productos guardados en JSON
2026-07-08 00:17:51,669 INFO talento_tech - Agregando productos del json al carrito...
2026-07-08 00:17:52,276 INFO talento_tech - Redireccionando al carrito...
2026-07-08 00:17:52,473 INFO talento_tech - Verificando que se hayan agregado correctamente los productos...
2026-07-08 00:17:52,473 INFO talento_tech - Productos agregados correctamente al carrito
2026-07-08 00:17:57,530 INFO talento_tech - Iniciando test de checkout exitoso... 
2026-07-08 00:17:57,530 INFO talento_tech - Agregando un producto y redireccionando al carrito
2026-07-08 00:17:57,962 INFO talento_tech - Redireccionamiento al carrito exitoso
2026-07-08 00:17:57,962 INFO talento_tech - Redireccionando al Checkout
2026-07-08 00:17:58,091 INFO talento_tech - Completando formulario con datos del cliente...
2026-07-08 00:17:58,506 INFO talento_tech - Confirmando los datos de la compra...
2026-07-08 00:17:58,608 INFO talento_tech - Checkout exitoso
2026-07-08 00:18:03,510 INFO talento_tech - Iniciando test de verificacion del titulo del inventario... 
2026-07-08 00:18:03,592 INFO talento_tech - Validando titulo obtenido: 'Products'
2026-07-08 00:18:03,592 INFO talento_tech - Titulo verificado correctamente 
2026-07-08 00:18:08,591 INFO talento_tech - Iniciando test de aparicion de productos...
2026-07-08 00:18:08,641 INFO talento_tech - Cantidad de productos detectados en pantalla: 6
2026-07-08 00:18:08,642 INFO talento_tech - Aparicion de productos verificada correctamente
2026-07-08 00:18:13,672 INFO talento_tech - Iniciando test de mostrar el nombre correcto de un producto...
2026-07-08 00:18:13,771 INFO talento_tech - Comparando nombre web: 'Sauce Labs Backpack' con nombre esperado en JSON: 'Sauce Labs Backpack'
2026-07-08 00:18:13,771 INFO talento_tech - Nombre producto verificado correctamente
2026-07-08 00:18:18,836 INFO talento_tech - Iniciando test de visibilidad del menu...
2026-07-08 00:18:19,008 INFO talento_tech - Visibilidad del menu verificada correctamente
2026-07-08 00:18:24,007 INFO talento_tech - Iniciando test de aparicion del elemento filtro...
2026-07-08 00:18:24,077 INFO talento_tech - Visibilidad del filtro verificada correctamente
2026-07-08 00:18:29,690 INFO talento_tech - Iniciando test de agregar producto al carrito...
2026-07-08 00:18:29,691 INFO talento_tech - Agregando 'Sauce Labs Backpack' al carrito
2026-07-08 00:18:29,954 INFO talento_tech - Producto agregado al carrito correctamente
2026-07-08 00:18:35,074 INFO talento_tech - Iniciando test de redireccion al carrito...
2026-07-08 00:18:35,271 INFO talento_tech - Validando la url actual...
2026-07-08 00:18:35,280 INFO talento_tech - Acceso al carrito exitoso
2026-07-08 00:18:40,390 INFO talento_tech - Iniciando test de aplicar filtro: Price (Low to High)
2026-07-08 00:18:40,781 INFO talento_tech - Validando la aplicacion del filtro...
2026-07-08 00:18:40,781 INFO talento_tech - Filtro aplicado exitosamente
2026-07-08 00:18:44,762 INFO talento_tech - Iniciando test de login para usuario standard_user
2026-07-08 00:18:44,763 INFO talento_tech - Enviando el formulario de login...
2026-07-08 00:18:46,177 INFO talento_tech - Iniciando sesion...
2026-07-08 00:18:46,178 INFO talento_tech - Validando redireccionamiento al inventario...
2026-07-08 00:18:46,197 INFO talento_tech - Sesion iniciada correctamente
2026-07-08 00:18:50,328 INFO talento_tech - Iniciando test de login para usuario usuario_incorrecto
2026-07-08 00:18:50,331 INFO talento_tech - Enviando el formulario de login...
2026-07-08 00:18:51,376 INFO talento_tech - Iniciando sesion...
2026-07-08 00:18:51,453 INFO talento_tech - Error al iniciar sesion
2026-07-08 00:18:55,906 INFO talento_tech - Iniciando test de login para usuario standard_user
2026-07-08 00:18:55,906 INFO talento_tech - Enviando el formulario de login...
2026-07-08 00:18:58,258 INFO talento_tech - Iniciando sesion...
2026-07-08 00:18:58,306 INFO talento_tech - Error al iniciar sesion
